   0.000 2025-04-07 16:06:50; Factorio 2.0.43 (build 82163, win64, steam, space-age)
   0.000 Operating system: Windows 11 (build 26100) 
   0.000 Initializing Steam API.
   0.000 Program arguments: "C:\Program Files (x86)\Steam\steamapps\common\Factorio\bin\x64\Factorio.exe" 
   0.000 Config path: C:/Users/jakej/AppData/Roaming/Factorio/config/config.ini
   0.000 Read data path: C:/Program Files (x86)/Steam/steamapps/common/Factorio/data
   0.000 Write data path: C:/Users/jakej/AppData/Roaming/Factorio [1696785/1906966MB]
   0.000 Binaries path: C:/Program Files (x86)/Steam/steamapps/common/Factorio/bin
   0.007 System info: [CPU: AMD Ryzen 7 7800X3D 8-Core Processor, 16 cores, RAM: 14371/64629 MB, page: 17685/68725 MB, virtual: 4354/134217727 MB, extended virtual: 0 MB]
   0.028 Memory info:
   0.028  [0]: Unknown F5-6000J3036G32G 32768 MB 4800 MHz 1.1 v 64|64
   0.028  [1]: Unknown F5-6000J3036G32G 32768 MB 4800 MHz 1.1 v 64|64
   0.062 Display options: [FullScreen: true] [VSync: true] [UIScale: manual-display-points (150.0%)] [Native DPI: true] [Screen: 255] [Special: lmw] [Lang: en]
   0.422 Video driver: windows
   0.422 Available displays: 3
   0.422  [2]: \\.\DISPLAY3 - NVIDIA GeForce RTX 3080 {0x05, [0,0], 5120x1440, 32bit, 240Hz}
   0.422  [0]: \\.\DISPLAY1 - NVIDIA GeForce RTX 3080 {0x01, [-774,-1440], 3440x1440, 32bit, 60Hz}
   0.422  [1]: \\.\DISPLAY2 - NVIDIA GeForce RTX 3080 {0x01, [2666,-1462], 3440x1440, 32bit, 50Hz}
   0.481 [Direct3D11] Display: 0, Output: 0, DisplayAdapter: 0, RenderingAdapter: -1; d3dcompiler_47.dll
   0.671 Initialised Direct3D[0]: NVIDIA GeForce RTX 3080; id: 10de-220a; driver: nvldumdx.dll 32.0.15.7283
   0.671   D3D Feature Level: 11.1, DXGI 1.5+, SwapChain: 3,flip-discard,-,-,-,none
   0.671   [Local Video Memory] Budget: 11325MB, CurrentUsage: 6MB, Reservation: 0/5790MB
   0.671   [Non-Local Vid.Mem.] Budget: 31546MB, CurrentUsage: 0MB, Reservation: 0/15901MB
   0.671   Tiled resources: Tier 2
   0.671   Unified Memory Architecture: No
   0.671   BGR 565 Supported: Yes
   0.671   MaximumFrameLatency: 3, GPUThreadPriority: 0
   0.671 Graphics settings preset: very-high
   0.671   Dedicated video memory size 12093 MB
   0.700 Desktop composition is active.
   0.700 Graphics options: [Graphics quality: high] [Video memory usage: all] [DXT: high-quality]
   0.700                   [Max threads (load/render): 32/8] [Max texture size: 0] [Tex.Stream.: false] [Rotation quality: normal] [Other: STDCWTl] [B:0,C:0,S:100]
   0.729 [Audio] Driver:wasapi, Device:Default device, Depth:16, Frequency:44100, Channels:2, Interpolation:linear
   0.843 Info ModManager.cpp:444: FeatureFlag expansion-shaders = true
   0.843 Info ModManager.cpp:444: FeatureFlag freezing = true
   0.843 Info ModManager.cpp:444: FeatureFlag quality = true
   0.843 Info ModManager.cpp:444: FeatureFlag rail-bridges = true
   0.843 Info ModManager.cpp:444: FeatureFlag segmented-units = true
   0.843 Info ModManager.cpp:444: FeatureFlag space-travel = true
   0.843 Info ModManager.cpp:444: FeatureFlag spoiling = true
   0.845 Loading mod settings blueprint-shotgun 0.1.6 (settings.lua)
   0.846 Loading mod settings DiscoScience 2.0.1 (settings.lua)
   0.846 Loading mod settings even-distribution 2.0.2 (settings.lua)
   0.846 Loading mod settings even-pickier-dollies 2.5.4 (settings.lua)
   0.846 Loading mod settings logistic_group_editor 2.0.6 (settings.lua)
   0.847 Loading mod settings Quicksave 0.4.0 (settings.lua)
   0.847 Loading mod settings BottleneckLite 1.3.3 (settings.lua)
   0.847 Loading mod settings RateCalculator 3.3.7 (settings.lua)
   0.847 Loading mod settings RecipeBook 4.0.2 (settings.lua)
   0.848 Loading mod settings EditorExtensions 2.4.2 (settings.lua)
   0.848 Loading mod settings FactorySearch 1.13.2 (settings.lua)
   0.848 Loading mod settings visible-planets 1.4.6 (settings.lua)
   0.849 Loading mod settings blueprint-sandboxes 2.6.4 (settings.lua)
   0.850 Loading mod settings blueprint-sandboxes 2.6.4 (settings-final-fixes.lua)
   0.852 Loading mod core 0.0.0 (data.lua)
   0.878 Loading mod base 2.0.43 (data.lua)
   1.080 Loading mod blueprint-shotgun 0.1.6 (data.lua)
   1.089 Loading mod bullet-trails 0.7.1 (data.lua)
   1.103 Loading mod DiscoScience 2.0.1 (data.lua)
   1.119 Loading mod elevated-rails 2.0.43 (data.lua)
   1.155 Loading mod even-distribution 2.0.2 (data.lua)
   1.160 Loading mod even-pickier-dollies 2.5.4 (data.lua)
   1.180 Loading mod flib 0.16.2 (data.lua)
   1.194 Loading mod GhostPlacerXpress 0.2.1 (data.lua)
   1.210 Loading mod jestrjk-oil-sludge 0.1.0 (data.lua)
   1.226 Loading mod more-minimap-autohide-017 2.0.0 (data.lua)
   1.243 Loading mod quality 2.0.43 (data.lua)
   1.271 Loading mod Quicksave 0.4.0 (data.lua)
   1.277 Loading mod factoryplanner 2.0.19 (data.lua)
   1.294 Loading mod RateCalculator 3.3.7 (data.lua)
   1.310 Loading mod RecipeBook 4.0.2 (data.lua)
   1.327 Loading mod space-age 2.0.43 (data.lua)
   1.607 Loading mod EditorExtensions 2.4.2 (data.lua)
   1.627 Loading mod FactorySearch 1.13.2 (data.lua)
   1.634 Loading mod visible-planets 1.4.6 (data.lua)
   1.651 Loading mod blueprint-sandboxes 2.6.4 (data.lua)
   1.678 Loading mod base 2.0.43 (data-updates.lua)
   1.703 Loading mod CleanFloor 2.0.0 (data-updates.lua)
   1.718 Loading mod bullet-trails 0.7.1 (data-updates.lua)
   1.734 Loading mod quality 2.0.43 (data-updates.lua)
   1.758 Loading mod space-age 2.0.43 (data-updates.lua)
   1.768 Loading mod FactorySearch 1.13.2 (data-updates.lua)
   1.785 Loading mod blueprint-sandboxes 2.6.4 (data-updates.lua)
   1.811 Loading mod logistic_group_editor 2.0.6 (data-final-fixes.lua)
   1.836 Loading mod BottleneckLite 1.3.3 (data-final-fixes.lua)
   1.853 Loading mod RecipeBook 4.0.2 (data-final-fixes.lua)
   1.869 Loading mod EditorExtensions 2.4.2 (data-final-fixes.lua)
   1.885 Loading mod visible-planets 1.4.6 (data-final-fixes.lua)
   1.894 Script @__visible-planets__/data_stuff/sprite_prototypes.lua:37: Adding visible-planets for nauvis
   1.894 Script @__visible-planets__/data_stuff/sprite_prototypes.lua:37: Adding visible-planets for vulcanus
   1.894 Script @__visible-planets__/data_stuff/sprite_prototypes.lua:37: Adding visible-planets for gleba
   1.894 Script @__visible-planets__/data_stuff/sprite_prototypes.lua:37: Adding visible-planets for fulgora
   1.894 Script @__visible-planets__/data_stuff/sprite_prototypes.lua:37: Adding visible-planets for aquilo
   1.894 Script @__visible-planets__/data_stuff/sprite_prototypes.lua:107: Skipping visible-planets for space-location-unknown; Blacklisted.
   1.894 Script @__visible-planets__/data_stuff/sprite_prototypes.lua:29: Skipping visible-planets for solar-system-edge; Starmap icon missing.
   1.894 Script @__visible-planets__/data_stuff/sprite_prototypes.lua:37: Adding visible-planets for shattered-planet
   1.902 Loading mod blueprint-sandboxes 2.6.4 (data-final-fixes.lua)
   1.911 Script @__blueprint-sandboxes__/prototypes/illusions-final-fixes.lua:45: data[ammo-turret][se-meteor-defence-container] not found; cannot create Illusion
   1.911 Script @__blueprint-sandboxes__/prototypes/illusions-final-fixes.lua:45: data[ammo-turret][se-meteor-point-defence-container] not found; cannot create Illusion
   1.911 Script @__blueprint-sandboxes__/prototypes/illusions-final-fixes.lua:45: data[assembling-machine][se-delivery-cannon] not found; cannot create Illusion
   1.911 Script @__blueprint-sandboxes__/prototypes/illusions-final-fixes.lua:45: data[assembling-machine][se-delivery-cannon-weapon] not found; cannot create Illusion
   1.911 Script @__blueprint-sandboxes__/prototypes/illusions-final-fixes.lua:45: data[assembling-machine][se-energy-transmitter-injector] not found; cannot create Illusion
   1.911 Script @__blueprint-sandboxes__/prototypes/illusions-final-fixes.lua:45: data[assembling-machine][se-energy-transmitter-emitter] not found; cannot create Illusion
   1.911 Script @__blueprint-sandboxes__/prototypes/illusions-final-fixes.lua:45: data[assembling-machine][se-space-elevator] not found; cannot create Illusion
   1.911 Script @__blueprint-sandboxes__/prototypes/illusions-final-fixes.lua:45: data[boiler][se-energy-transmitter-chamber] not found; cannot create Illusion
   1.911 Script @__blueprint-sandboxes__/prototypes/illusions-final-fixes.lua:45: data[container][se-rocket-launch-pad] not found; cannot create Illusion
   1.911 Script @__blueprint-sandboxes__/prototypes/illusions-final-fixes.lua:45: data[container][se-rocket-landing-pad] not found; cannot create Illusion
   1.911 Script @__blueprint-sandboxes__/prototypes/illusions-final-fixes.lua:45: data[electric-energy-interface][se-energy-beam-defence] not found; cannot create Illusion
   1.911 Script @__blueprint-sandboxes__/prototypes/illusions-final-fixes.lua:45: data[mining-drill][se-core-miner-drill] not found; cannot create Illusion
   1.995 Checksum for core: 2871805093
   1.995 Checksum of base: 961148251
   1.995 Checksum of CleanFloor: 2254551355
   1.995 Checksum of blueprint-shotgun: 3161790504
   1.995 Checksum of bullet-trails: 3844283971
   1.995 Checksum of DiscoScience: 2800209080
   1.995 Checksum of elevated-rails: 1723922474
   1.995 Checksum of even-distribution: 281457414
   1.995 Checksum of even-pickier-dollies: 2877882474
   1.995 Checksum of flib: 728527376
   1.995 Checksum of GhostPlacerXpress: 2922466754
   1.995 Checksum of jestrjk-oil-sludge: 381863350
   1.995 Checksum of logistic_group_editor: 2940062495
   1.995 Checksum of more-minimap-autohide-017: 149315223
   1.995 Checksum of quality: 3659920990
   1.995 Checksum of Quicksave: 132597282
   1.995 Checksum of BottleneckLite: 4111793293
   1.995 Checksum of factoryplanner: 1350146402
   1.995 Checksum of RateCalculator: 1295360039
   1.995 Checksum of RecipeBook: 1411504908
   1.995 Checksum of space-age: 2640575863
   1.995 Checksum of EditorExtensions: 3808487822
   1.995 Checksum of FactorySearch: 2061526368
   1.995 Checksum of visible-planets: 3598016665
   1.995 Checksum of blueprint-sandboxes: 248818167
   2.244 Prototype list checksum: 1414347916
   2.298 Loading sounds...
   2.625 Info PlayerData.cpp:66: Local player-data.json unavailable
   2.625 Info PlayerData.cpp:69: Cloud player-data.json available, timestamp 1744056198
   2.627 Post-data load graphics options: [Light occlusion: YES]
   2.888 Initial atlas bitmap size is 16384
   2.898 Created an atlas bitmap (size 16384x16380) [none]
   2.911 Created an atlas bitmap (size 16384x16376) [none]
   2.927 Created an atlas bitmap (size 16384x16368) [none]
   2.927 Created an atlas bitmap (size 16384x14912) [none]
   2.931 Created an atlas bitmap (size 16384x16384) [low-object]
   2.931 Created an atlas bitmap (size 4096x1664) [low-object]
   2.932 Created an atlas bitmap (size 16384x14176) [corpse-decay]
   2.932 Created an atlas bitmap (size 16384x8392) [decal]
   2.933 Created an atlas bitmap (size 16384x5596) [none]
   2.933 Created an atlas bitmap (size 1676x79) [not-compressed]
   2.933 Created an atlas bitmap (size 16384x4240) [mipmap, linear-minification, linear-magnification, linear-mip-level]
   2.934 Created an atlas bitmap (size 4096x3040) [smoke, mipmap, linear-minification, linear-magnification]
   2.938 Created an atlas bitmap (size 16384x16352) [terrain, mipmap, linear-minification, linear-mip-level]
   2.938 Created an atlas bitmap (size 16384x4944) [terrain, mipmap, linear-minification, linear-mip-level]
   2.938 Created an atlas bitmap (size 8192x4128) [terrain-effect-map, mipmap, linear-minification, linear-mip-level]
   2.938 Created an atlas bitmap (size 8192x2608) [mipmap]
   2.939 Created an atlas bitmap (size 3504x768) [mipmap]
   2.939 Created an atlas bitmap (size 4096x3152) [mipmap]
   2.939 Created an atlas bitmap (size 4096x3152) [mipmap]
   2.939 Created an atlas bitmap (size 4096x3152) [mipmap]
   2.939 Created an atlas bitmap (size 8192x4176) [icon, not-compressed, mipmap, linear-minification, linear-magnification, linear-mip-level]
   2.940 Created an atlas bitmap (size 16384x6120) [alpha-mask]
   2.955 Created an atlas bitmap (size 16384x16380) [shadow, linear-magnification, alpha-mask]
   2.959 Created an atlas bitmap (size 16384x16368) [shadow, linear-magnification, alpha-mask]
   2.959 Created an atlas bitmap (size 16384x3724) [shadow, linear-magnification, alpha-mask]
   2.959 Created an atlas bitmap (size 8192x4000) [shadow, mipmap, linear-magnification, alpha-mask]
   2.959 Created an atlas bitmap (size 4096x336) [icon-background, not-compressed, mipmap, linear-minification, linear-magnification, linear-mip-level, ]
   2.959 Loading 3D bitmaps.
   2.969 Texture processor created (4096). GPU accelerated compression Supported: yes, Enabled: yes/yes. Test passed. YCoCgDXT PSNR: 35.83, BC3 PSNR: 33.82
   3.002 Parallel sprite loader initialized (threads: 15, bitmaps: 8427)
  13.442 Sprites loaded
  13.475 Generated mipmaps (4) for atlas [4] of size 16384x16384   
  13.487 Generated mipmaps (4) for atlas [5] of size 4096x1664   
  13.503 Generated mipmaps (3) for atlas [10] of size 16384x4240   
  13.519 Generated mipmaps (3) for atlas [11] of size 4096x3040   
  13.546 Generated mipmaps (3) for atlas [12] of size 16384x16352   
  13.557 Generated mipmaps (3) for atlas [13] of size 16384x4944   
  13.573 Generated mipmaps (3) for atlas [14] of size 8192x4128   
  13.623 Generated mipmaps (3) for atlas [15] of size 8192x2608   
  13.634 Generated mipmaps (3) for atlas [16] of size 3504x768   
  13.651 Generated mipmaps (3) for atlas [17] of size 4096x3152   
  13.681 Generated mipmaps (3) for atlas [18] of size 4096x3152   
  13.693 Generated mipmaps (3) for atlas [19] of size 4096x3152   
  13.708 Generated mipmaps (5) for atlas [20] of size 8192x4176   
  13.726 Generated mipmaps (3) for atlas [25] of size 8192x4000   
  13.750 Custom mipmaps uploaded (3476)
  13.772 Video memory usage: 3587.20 MB (Atlases: 3456.90 MB, Textures: 130.30 MB)
  13.775 Custom inputs active: 49
  13.827 Factorio initialised
  13.828 Steam Storage Quota: 23409/23841
  22.781 Loading level.dat: 13910818 bytes.
  22.781 Info Scenario.cpp:153: Map version 2.0.43-3
  22.948 Loading blueprint storage: Local timestamp 1743787396, Cloud timestamp 1743787396
  22.992 Loading script.dat: 2149119 bytes.
  23.002 Checksum for script __blueprint-shotgun__/control.lua: 457105762
  23.003 Checksum for script __DiscoScience__/control.lua: 2155680188
  23.003 Script @__even-distribution__/framework.lua:22: 0 [ED] Initializing framework... DEBUG = false
  23.003 Script @__even-distribution__/framework.lua:22: 0 [ED] Registering custom scripts...
  23.003 Script @__even-distribution__/framework.lua:22: 0 [ED] Script: metatables
  23.004 Script @__even-distribution__/framework.lua:22: 0 [ED] Script: util
  23.004 Script @__even-distribution__/framework.lua:22: 0 [ED] Script: helpers
  23.004 Script @__even-distribution__/framework.lua:22: 0 [ED] Script: setup
  23.005 Script @__even-distribution__/framework.lua:22: 0 [ED] Script: remote
  23.005 Script @__even-distribution__/framework.lua:22: 0 [ED] Script: visuals
  23.005 Script @__even-distribution__/framework.lua:22: 0 [ED] Script: gui-tools
  23.005 Script @__even-distribution__/framework.lua:22: 0 [ED] Script: drag
  23.005 Script @__even-distribution__/framework.lua:22: 0 [ED] Script: cleanup
  23.006 Script @__even-distribution__/framework.lua:22: 0 [ED] GUI-Script: settings-gui
  23.006 Script @__even-distribution__/framework.lua:22: 0 [ED] Registering default event handlers...
  23.006 Script @__even-distribution__/framework.lua:22: 0 [ED] Registering custom inputs...
  23.006 Script @__even-distribution__/framework.lua:22: 0 [ED] Input: inventory-cleanup   event: on_inventory_cleanup
  23.006 Script @__even-distribution__/framework.lua:22: 0 [ED] Input: fast-entity-transfer-hook   event: on_fast_entity_transfer_hook
  23.006 Script @__even-distribution__/framework.lua:22: 0 [ED] Input: fast-entity-split-hook   event: on_fast_entity_split_hook
  23.007 Script @__even-distribution__/framework.lua:22: 0 [ED] Successfully initialized
  23.007 Checksum for script __even-distribution__/control.lua: 140605339
  23.010 Checksum for script __even-pickier-dollies__/control.lua: 1801044359
  23.010 Checksum for script __GhostPlacerXpress__/control.lua: 2164491101
  23.011 Checksum for script __logistic_group_editor__/control.lua: 3800384597
  23.011 Checksum for script __more-minimap-autohide-017__/control.lua: 1781218547
  23.012 Checksum for script __Quicksave__/control.lua: 2268494566
  23.029 Checksum for script __factoryplanner__/control.lua: 915592458
  23.032 Checksum for script __RateCalculator__/control.lua: 2053225949
  23.075 Checksum for script __RecipeBook__/control.lua: 4043396858
  23.082 Checksum for script __EditorExtensions__/control.lua: 1918880134
  23.085 Checksum for script __FactorySearch__/control.lua: 1323634619
  23.086 Checksum for script __visible-planets__/control.lua: 2894108746
  23.090 Checksum for script __blueprint-sandboxes__/control.lua: 2548910871
  23.157 Script @__blueprint-sandboxes__/scripts/lab.lua:93: Not a Lab, won't Delete: bpsb-lab-p-jestrjk
 138.655 Info AppManager.cpp:323: Saving to _autosave1 (blocking).
 138.811 Info AppManagerStates.cpp:2097: Saving finished
 263.839 Info AppManager.cpp:352: Deleting active scenario.
 326.196 Quitting: user-quit.
 326.511 Steam API shutdown.
 326.515 Goodbye
